This is pdfTeX, Version 3.14159265-2.6-1.40.21 (MiKTeX 20.12) (preloaded format=pdflatex 2021.5.16)  13 SEP 2021 16:19
entering extended mode
**./Part_1-Intro_Dynamic_Programming.tex
(Part_1-Intro_Dynamic_Programming.tex
LaTeX2e <2020-10-01> patch level 3
L3 programming layer <2020-12-07> xparse <2020-03-03>
("C:\Users\Philipp Schreiber\AppData\Local\Programs\MiKTeX\tex/latex/beamer\bea
mer.cls"
Document Class: beamer 2021/05/26 v3.63 A class for typesetting presentations

("C:\Users\Philipp Schreiber\AppData\Local\Programs\MiKTeX\tex/latex/beamer\bea
merbasemodes.sty"
("C:\Users\Philipp Schreiber\AppData\Local\Programs\MiKTeX\tex/latex/etoolbox\e
toolbox.sty"
Package: etoolbox 2020/10/05 v2.5k e-TeX tools for LaTeX (JAW)
\etb@tempcnta=\count177
)
\beamer@tempbox=\box47
\beamer@tempcount=\count178
\c@beamerpauses=\count179

("C:\Users\Philipp Schreiber\AppData\Local\Programs\MiKTeX\tex/latex/beamer\bea
merbasedecode.sty"
\beamer@slideinframe=\count180
\beamer@minimum=\count181
\beamer@decode@box=\box48
)
\beamer@commentbox=\box49
\beamer@modecount=\count182
)
("C:\Users\Philipp Schreiber\AppData\Local\Programs\MiKTeX\tex/generic/iftex\if
pdf.sty"
Package: ifpdf 2019/10/25 v3.4 ifpdf legacy package. Use iftex instead.

("C:\Users\Philipp Schreiber\AppData\Local\Programs\MiKTeX\tex/generic/iftex\if
tex.sty"
Package: iftex 2020/03/06 v1.0d TeX engine tests
))
\headdp=\dimen138
\footheight=\dimen139
\sidebarheight=\dimen140
\beamer@tempdim=\dimen141
\beamer@finalheight=\dimen142
\beamer@animht=\dimen143
\beamer@animdp=\dimen144
\beamer@animwd=\dimen145
\beamer@leftmargin=\dimen146
\beamer@rightmargin=\dimen147
\beamer@leftsidebar=\dimen148
\beamer@rightsidebar=\dimen149
\beamer@boxsize=\dimen150
\beamer@vboxoffset=\dimen151
\beamer@descdefault=\dimen152
\beamer@descriptionwidth=\dimen153
\beamer@lastskip=\skip47
\beamer@areabox=\box50
\beamer@animcurrent=\box51
\beamer@animshowbox=\box52
\beamer@sectionbox=\box53
\beamer@logobox=\box54
\beamer@linebox=\box55
\beamer@sectioncount=\count183
\beamer@subsubsectionmax=\count184
\beamer@subsectionmax=\count185
\beamer@sectionmax=\count186
\beamer@totalheads=\count187
\beamer@headcounter=\count188
\beamer@partstartpage=\count189
\beamer@sectionstartpage=\count190
\beamer@subsectionstartpage=\count191
\beamer@animationtempa=\count192
\beamer@animationtempb=\count193
\beamer@xpos=\count194
\beamer@ypos=\count195
\beamer@ypos@offset=\count196
\beamer@showpartnumber=\count197
\beamer@currentsubsection=\count198
\beamer@coveringdepth=\count199
\beamer@sectionadjust=\count266
\beamer@toclastsection=\count267
\beamer@tocsectionnumber=\count268

("C:\Users\Philipp Schreiber\AppData\Local\Programs\MiKTeX\tex/latex/beamer\bea
merbaseoptions.sty"
("C:\Users\Philipp Schreiber\AppData\Local\Programs\MiKTeX\tex/latex/graphics\k
eyval.sty"
Package: keyval 2014/10/28 v1.15 key=value parser (DPC)
\KV@toks@=\toks15
))
\beamer@paperwidth=\skip48
\beamer@paperheight=\skip49

("C:\Users\Philipp Schreiber\AppData\Local\Programs\MiKTeX\tex/latex/geometry\g
eometry.sty"
Package: geometry 2020/01/02 v5.9 Page Geometry

("C:\Users\Philipp Schreiber\AppData\Local\Programs\MiKTeX\tex/generic/iftex\if
vtex.sty"
Package: ifvtex 2019/10/25 v1.7 ifvtex legacy package. Use iftex instead.
)
\Gm@cnth=\count269
\Gm@cntv=\count270
\c@Gm@tempcnt=\count271
\Gm@bindingoffset=\dimen154
\Gm@wd@mp=\dimen155
\Gm@odd@mp=\dimen156
\Gm@even@mp=\dimen157
\Gm@layoutwidth=\dimen158
\Gm@layoutheight=\dimen159
\Gm@layouthoffset=\dimen160
\Gm@layoutvoffset=\dimen161
\Gm@dimlist=\toks16

("C:\Users\Philipp Schreiber\AppData\Local\Programs\MiKTeX\tex/latex/geometry\g
eometry.cfg"))
("C:\Users\Philipp Schreiber\AppData\Local\Programs\MiKTeX\tex/latex/base\size1
1.clo"
File: size11.clo 2020/04/10 v1.4m Standard LaTeX file (size option)
)
("C:\Users\Philipp Schreiber\AppData\Local\Programs\MiKTeX\tex/latex/pgf/basicl
ayer\pgfcore.sty"
("C:\Users\Philipp Schreiber\AppData\Local\Programs\MiKTeX\tex/latex/graphics\g
raphicx.sty"
Package: graphicx 2020/09/09 v1.2b Enhanced LaTeX Graphics (DPC,SPQR)

("C:\Users\Philipp Schreiber\AppData\Local\Programs\MiKTeX\tex/latex/graphics\g
raphics.sty"
Package: graphics 2020/08/30 v1.4c Standard LaTeX Graphics (DPC,SPQR)

("C:\Users\Philipp Schreiber\AppData\Local\Programs\MiKTeX\tex/latex/graphics\t
rig.sty"
Package: trig 2016/01/03 v1.10 sin cos tan (DPC)
)
("C:\Users\Philipp Schreiber\AppData\Local\Programs\MiKTeX\tex/latex/graphics-c
fg\graphics.cfg"
File: graphics.cfg 2016/06/04 v1.11 sample graphics configuration
)
Package graphics Info: Driver file: pdftex.def on input line 105.

("C:\Users\Philipp Schreiber\AppData\Local\Programs\MiKTeX\tex/latex/graphics-d
ef\pdftex.def"
File: pdftex.def 2020/10/05 v1.2a Graphics/color driver for pdftex
))
\Gin@req@height=\dimen162
\Gin@req@width=\dimen163
)
("C:\Users\Philipp Schreiber\AppData\Local\Programs\MiKTeX\tex/latex/pgf/system
layer\pgfsys.sty"
("C:\Users\Philipp Schreiber\AppData\Local\Programs\MiKTeX\tex/latex/pgf/utilit
ies\pgfrcs.sty"
("C:\Users\Philipp Schreiber\AppData\Local\Programs\MiKTeX\tex/generic/pgf/util
ities\pgfutil-common.tex"
\pgfutil@everybye=\toks17
\pgfutil@tempdima=\dimen164
\pgfutil@tempdimb=\dimen165

("C:\Users\Philipp Schreiber\AppData\Local\Programs\MiKTeX\tex/generic/pgf/util
ities\pgfutil-common-lists.tex"))
("C:\Users\Philipp Schreiber\AppData\Local\Programs\MiKTeX\tex/generic/pgf/util
ities\pgfutil-latex.def"
\pgfutil@abb=\box56
)
("C:\Users\Philipp Schreiber\AppData\Local\Programs\MiKTeX\tex/generic/pgf/util
ities\pgfrcs.code.tex"
("C:\Users\Philipp Schreiber\AppData\Local\Programs\MiKTeX\tex/generic/pgf\pgf.
revision.tex")
Package: pgfrcs 2020/12/27 v3.1.8b (3.1.8b)
))
("C:\Users\Philipp Schreiber\AppData\Local\Programs\MiKTeX\tex/generic/pgf/syst
emlayer\pgfsys.code.tex"
Package: pgfsys 2020/12/27 v3.1.8b (3.1.8b)

("C:\Users\Philipp Schreiber\AppData\Local\Programs\MiKTeX\tex/generic/pgf/util
ities\pgfkeys.code.tex"
\pgfkeys@pathtoks=\toks18
\pgfkeys@temptoks=\toks19

("C:\Users\Philipp Schreiber\AppData\Local\Programs\MiKTeX\tex/generic/pgf/util
ities\pgfkeysfiltered.code.tex"
\pgfkeys@tmptoks=\toks20
))
\pgf@x=\dimen166
\pgf@y=\dimen167
\pgf@xa=\dimen168
\pgf@ya=\dimen169
\pgf@xb=\dimen170
\pgf@yb=\dimen171
\pgf@xc=\dimen172
\pgf@yc=\dimen173
\pgf@xd=\dimen174
\pgf@yd=\dimen175
\w@pgf@writea=\write3
\r@pgf@reada=\read2
\c@pgf@counta=\count272
\c@pgf@countb=\count273
\c@pgf@countc=\count274
\c@pgf@countd=\count275
\t@pgf@toka=\toks21
\t@pgf@tokb=\toks22
\t@pgf@tokc=\toks23
\pgf@sys@id@count=\count276

("C:\Users\Philipp Schreiber\AppData\Local\Programs\MiKTeX\tex/generic/pgf/syst
emlayer\pgf.cfg"
File: pgf.cfg 2020/12/27 v3.1.8b (3.1.8b)
)
Driver file for pgf: pgfsys-pdftex.def

("C:\Users\Philipp Schreiber\AppData\Local\Programs\MiKTeX\tex/generic/pgf/syst
emlayer\pgfsys-pdftex.def"
File: pgfsys-pdftex.def 2020/12/27 v3.1.8b (3.1.8b)

("C:\Users\Philipp Schreiber\AppData\Local\Programs\MiKTeX\tex/generic/pgf/syst
emlayer\pgfsys-common-pdf.def"
File: pgfsys-common-pdf.def 2020/12/27 v3.1.8b (3.1.8b)
)))
("C:\Users\Philipp Schreiber\AppData\Local\Programs\MiKTeX\tex/generic/pgf/syst
emlayer\pgfsyssoftpath.code.tex"
File: pgfsyssoftpath.code.tex 2020/12/27 v3.1.8b (3.1.8b)
\pgfsyssoftpath@smallbuffer@items=\count277
\pgfsyssoftpath@bigbuffer@items=\count278
)
("C:\Users\Philipp Schreiber\AppData\Local\Programs\MiKTeX\tex/generic/pgf/syst
emlayer\pgfsysprotocol.code.tex"
File: pgfsysprotocol.code.tex 2020/12/27 v3.1.8b (3.1.8b)
))
("C:\Users\Philipp Schreiber\AppData\Local\Programs\MiKTeX\tex/latex/xcolor\xco
lor.sty"
Package: xcolor 2016/05/11 v2.12 LaTeX color extensions (UK)

("C:\Users\Philipp Schreiber\AppData\Local\Programs\MiKTeX\tex/latex/graphics-c
fg\color.cfg"
File: color.cfg 2016/01/02 v1.6 sample color configuration
)
Package xcolor Info: Driver file: pdftex.def on input line 225.
Package xcolor Info: Model `cmy' substituted by `cmy0' on input line 1348.
Package xcolor Info: Model `hsb' substituted by `rgb' on input line 1352.
Package xcolor Info: Model `RGB' extended on input line 1364.
Package xcolor Info: Model `HTML' substituted by `rgb' on input line 1366.
Package xcolor Info: Model `Hsb' substituted by `hsb' on input line 1367.
Package xcolor Info: Model `tHsb' substituted by `hsb' on input line 1368.
Package xcolor Info: Model `HSB' substituted by `hsb' on input line 1369.
Package xcolor Info: Model `Gray' substituted by `gray' on input line 1370.
Package xcolor Info: Model `wave' substituted by `hsb' on input line 1371.
)
("C:\Users\Philipp Schreiber\AppData\Local\Programs\MiKTeX\tex/generic/pgf/basi
clayer\pgfcore.code.tex"
Package: pgfcore 2020/12/27 v3.1.8b (3.1.8b)

("C:\Users\Philipp Schreiber\AppData\Local\Programs\MiKTeX\tex/generic/pgf/math
\pgfmath.code.tex"
("C:\Users\Philipp Schreiber\AppData\Local\Programs\MiKTeX\tex/generic/pgf/math
\pgfmathcalc.code.tex"
("C:\Users\Philipp Schreiber\AppData\Local\Programs\MiKTeX\tex/generic/pgf/math
\pgfmathutil.code.tex")
("C:\Users\Philipp Schreiber\AppData\Local\Programs\MiKTeX\tex/generic/pgf/math
\pgfmathparser.code.tex"
\pgfmath@dimen=\dimen176
\pgfmath@count=\count279
\pgfmath@box=\box57
\pgfmath@toks=\toks24
\pgfmath@stack@operand=\toks25
\pgfmath@stack@operation=\toks26
)
("C:\Users\Philipp Schreiber\AppData\Local\Programs\MiKTeX\tex/generic/pgf/math
\pgfmathfunctions.code.tex"
("C:\Users\Philipp Schreiber\AppData\Local\Programs\MiKTeX\tex/generic/pgf/math
\pgfmathfunctions.basic.code.tex")
("C:\Users\Philipp Schreiber\AppData\Local\Programs\MiKTeX\tex/generic/pgf/math
\pgfmathfunctions.trigonometric.code.tex")
("C:\Users\Philipp Schreiber\AppData\Local\Programs\MiKTeX\tex/generic/pgf/math
\pgfmathfunctions.random.code.tex")
("C:\Users\Philipp Schreiber\AppData\Local\Programs\MiKTeX\tex/generic/pgf/math
\pgfmathfunctions.comparison.code.tex")
("C:\Users\Philipp Schreiber\AppData\Local\Programs\MiKTeX\tex/generic/pgf/math
\pgfmathfunctions.base.code.tex")
("C:\Users\Philipp Schreiber\AppData\Local\Programs\MiKTeX\tex/generic/pgf/math
\pgfmathfunctions.round.code.tex")
("C:\Users\Philipp Schreiber\AppData\Local\Programs\MiKTeX\tex/generic/pgf/math
\pgfmathfunctions.misc.code.tex")
("C:\Users\Philipp Schreiber\AppData\Local\Programs\MiKTeX\tex/generic/pgf/math
\pgfmathfunctions.integerarithmetics.code.tex")))
("C:\Users\Philipp Schreiber\AppData\Local\Programs\MiKTeX\tex/generic/pgf/math
\pgfmathfloat.code.tex"
\c@pgfmathroundto@lastzeros=\count280
))
("C:\Users\Philipp Schreiber\AppData\Local\Programs\MiKTeX\tex/generic/pgf/math
\pgfint.code.tex")
("C:\Users\Philipp Schreiber\AppData\Local\Programs\MiKTeX\tex/generic/pgf/basi
clayer\pgfcorepoints.code.tex"
File: pgfcorepoints.code.tex 2020/12/27 v3.1.8b (3.1.8b)
\pgf@picminx=\dimen177
\pgf@picmaxx=\dimen178
\pgf@picminy=\dimen179
\pgf@picmaxy=\dimen180
\pgf@pathminx=\dimen181
\pgf@pathmaxx=\dimen182
\pgf@pathminy=\dimen183
\pgf@pathmaxy=\dimen184
\pgf@xx=\dimen185
\pgf@xy=\dimen186
\pgf@yx=\dimen187
\pgf@yy=\dimen188
\pgf@zx=\dimen189
\pgf@zy=\dimen190
)
("C:\Users\Philipp Schreiber\AppData\Local\Programs\MiKTeX\tex/generic/pgf/basi
clayer\pgfcorepathconstruct.code.tex"
File: pgfcorepathconstruct.code.tex 2020/12/27 v3.1.8b (3.1.8b)
\pgf@path@lastx=\dimen191
\pgf@path@lasty=\dimen192
)
("C:\Users\Philipp Schreiber\AppData\Local\Programs\MiKTeX\tex/generic/pgf/basi
clayer\pgfcorepathusage.code.tex"
File: pgfcorepathusage.code.tex 2020/12/27 v3.1.8b (3.1.8b)
\pgf@shorten@end@additional=\dimen193
\pgf@shorten@start@additional=\dimen194
)
("C:\Users\Philipp Schreiber\AppData\Local\Programs\MiKTeX\tex/generic/pgf/basi
clayer\pgfcorescopes.code.tex"
File: pgfcorescopes.code.tex 2020/12/27 v3.1.8b (3.1.8b)
\pgfpic=\box58
\pgf@hbox=\box59
\pgf@layerbox@main=\box60
\pgf@picture@serial@count=\count281
)
("C:\Users\Philipp Schreiber\AppData\Local\Programs\MiKTeX\tex/generic/pgf/basi
clayer\pgfcoregraphicstate.code.tex"
File: pgfcoregraphicstate.code.tex 2020/12/27 v3.1.8b (3.1.8b)
\pgflinewidth=\dimen195
)
("C:\Users\Philipp Schreiber\AppData\Local\Programs\MiKTeX\tex/generic/pgf/basi
clayer\pgfcoretransformations.code.tex"
File: pgfcoretransformations.code.tex 2020/12/27 v3.1.8b (3.1.8b)
\pgf@pt@x=\dimen196
\pgf@pt@y=\dimen197
\pgf@pt@temp=\dimen198
)
("C:\Users\Philipp Schreiber\AppData\Local\Programs\MiKTeX\tex/generic/pgf/basi
clayer\pgfcorequick.code.tex"
File: pgfcorequick.code.tex 2020/12/27 v3.1.8b (3.1.8b)
)
("C:\Users\Philipp Schreiber\AppData\Local\Programs\MiKTeX\tex/generic/pgf/basi
clayer\pgfcoreobjects.code.tex"
File: pgfcoreobjects.code.tex 2020/12/27 v3.1.8b (3.1.8b)
)
("C:\Users\Philipp Schreiber\AppData\Local\Programs\MiKTeX\tex/generic/pgf/basi
clayer\pgfcorepathprocessing.code.tex"
File: pgfcorepathprocessing.code.tex 2020/12/27 v3.1.8b (3.1.8b)
)
("C:\Users\Philipp Schreiber\AppData\Local\Programs\MiKTeX\tex/generic/pgf/basi
clayer\pgfcorearrows.code.tex"
File: pgfcorearrows.code.tex 2020/12/27 v3.1.8b (3.1.8b)
\pgfarrowsep=\dimen199
)
("C:\Users\Philipp Schreiber\AppData\Local\Programs\MiKTeX\tex/generic/pgf/basi
clayer\pgfcoreshade.code.tex"
File: pgfcoreshade.code.tex 2020/12/27 v3.1.8b (3.1.8b)
\pgf@max=\dimen256
\pgf@sys@shading@range@num=\count282
\pgf@shadingcount=\count283
)
("C:\Users\Philipp Schreiber\AppData\Local\Programs\MiKTeX\tex/generic/pgf/basi
clayer\pgfcoreimage.code.tex"
File: pgfcoreimage.code.tex 2020/12/27 v3.1.8b (3.1.8b)

("C:\Users\Philipp Schreiber\AppData\Local\Programs\MiKTeX\tex/generic/pgf/basi
clayer\pgfcoreexternal.code.tex"
File: pgfcoreexternal.code.tex 2020/12/27 v3.1.8b (3.1.8b)
\pgfexternal@startupbox=\box61
))
("C:\Users\Philipp Schreiber\AppData\Local\Programs\MiKTeX\tex/generic/pgf/basi
clayer\pgfcorelayers.code.tex"
File: pgfcorelayers.code.tex 2020/12/27 v3.1.8b (3.1.8b)
)
("C:\Users\Philipp Schreiber\AppData\Local\Programs\MiKTeX\tex/generic/pgf/basi
clayer\pgfcoretransparency.code.tex"
File: pgfcoretransparency.code.tex 2020/12/27 v3.1.8b (3.1.8b)
)
("C:\Users\Philipp Schreiber\AppData\Local\Programs\MiKTeX\tex/generic/pgf/basi
clayer\pgfcorepatterns.code.tex"
File: pgfcorepatterns.code.tex 2020/12/27 v3.1.8b (3.1.8b)
)
("C:\Users\Philipp Schreiber\AppData\Local\Programs\MiKTeX\tex/generic/pgf/basi
clayer\pgfcorerdf.code.tex"
File: pgfcorerdf.code.tex 2020/12/27 v3.1.8b (3.1.8b)
)))
("C:\Users\Philipp Schreiber\AppData\Local\Programs\MiKTeX\tex/latex/pgf/utilit
ies\xxcolor.sty"
Package: xxcolor 2003/10/24 ver 0.1
\XC@nummixins=\count284
\XC@countmixins=\count285
)
("C:\Users\Philipp Schreiber\AppData\Local\Programs\MiKTeX\tex/latex/base\atbeg
shi-ltx.sty"
Package: atbegshi-ltx 2020/08/17 v1.0a Emulation of the original atbegshi packa
ge
with kernel methods
)
("C:\Users\Philipp Schreiber\AppData\Local\Programs\MiKTeX\tex/latex/hyperref\h
yperref.sty"
Package: hyperref 2020-05-15 v7.00e Hypertext links for LaTeX

("C:\Users\Philipp Schreiber\AppData\Local\Programs\MiKTeX\tex/generic/ltxcmds\
ltxcmds.sty"
Package: ltxcmds 2020-05-10 v1.25 LaTeX kernel commands for general use (HO)
)
("C:\Users\Philipp Schreiber\AppData\Local\Programs\MiKTeX\tex/generic/pdftexcm
ds\pdftexcmds.sty"
Package: pdftexcmds 2020-06-27 v0.33 Utility functions of pdfTeX for LuaTeX (HO
)

("C:\Users\Philipp Schreiber\AppData\Local\Programs\MiKTeX\tex/generic/infwarer
r\infwarerr.sty"
Package: infwarerr 2019/12/03 v1.5 Providing info/warning/error messages (HO)
)
Package pdftexcmds Info: \pdf@primitive is available.
Package pdftexcmds Info: \pdf@ifprimitive is available.
Package pdftexcmds Info: \pdfdraftmode found.
)
("C:\Users\Philipp Schreiber\AppData\Local\Programs\MiKTeX\tex/generic/kvsetkey
s\kvsetkeys.sty"
Package: kvsetkeys 2019/12/15 v1.18 Key value parser (HO)
)
("C:\Users\Philipp Schreiber\AppData\Local\Programs\MiKTeX\tex/generic/kvdefine
keys\kvdefinekeys.sty"
Package: kvdefinekeys 2019-12-19 v1.6 Define keys (HO)
)
("C:\Users\Philipp Schreiber\AppData\Local\Programs\MiKTeX\tex/generic/pdfescap
e\pdfescape.sty"
Package: pdfescape 2019/12/09 v1.15 Implements pdfTeX's escape features (HO)
)
("C:\Users\Philipp Schreiber\AppData\Local\Programs\MiKTeX\tex/latex/hycolor\hy
color.sty"
Package: hycolor 2020-01-27 v1.10 Color options for hyperref/bookmark (HO)
)
("C:\Users\Philipp Schreiber\AppData\Local\Programs\MiKTeX\tex/latex/letltxmacr
o\letltxmacro.sty"
Package: letltxmacro 2019/12/03 v1.6 Let assignment for LaTeX macros (HO)
)
("C:\Users\Philipp Schreiber\AppData\Local\Programs\MiKTeX\tex/latex/auxhook\au
xhook.sty"
Package: auxhook 2019-12-17 v1.6 Hooks for auxiliary files (HO)
)
("C:\Users\Philipp Schreiber\AppData\Local\Programs\MiKTeX\tex/latex/kvoptions\
kvoptions.sty"
Package: kvoptions 2020-10-07 v3.14 Key value format for package options (HO)
)
\@linkdim=\dimen257
\Hy@linkcounter=\count286
\Hy@pagecounter=\count287

("C:\Users\Philipp Schreiber\AppData\Local\Programs\MiKTeX\tex/latex/hyperref\p
d1enc.def"
File: pd1enc.def 2020-05-15 v7.00e Hyperref: PDFDocEncoding definition (HO)
Now handling font encoding PD1 ...
... no UTF-8 mapping file for font encoding PD1
)
("C:\Users\Philipp Schreiber\AppData\Local\Programs\MiKTeX\tex/generic/intcalc\
intcalc.sty"
Package: intcalc 2019/12/15 v1.3 Expandable calculations with integers (HO)
)
("C:\Users\Philipp Schreiber\AppData\Local\Programs\MiKTeX\tex/generic/etexcmds
\etexcmds.sty"
Package: etexcmds 2019/12/15 v1.7 Avoid name clashes with e-TeX commands (HO)
)
\Hy@SavedSpaceFactor=\count288
Package hyperref Info: Option `bookmarks' set `true' on input line 4338.
Package hyperref Info: Option `bookmarksopen' set `true' on input line 4338.
Package hyperref Info: Option `implicit' set `false' on input line 4338.
Package hyperref Info: Hyper figures OFF on input line 4464.
Package hyperref Info: Link nesting OFF on input line 4469.
Package hyperref Info: Hyper index ON on input line 4472.
Package hyperref Info: Plain pages OFF on input line 4479.
Package hyperref Info: Backreferencing OFF on input line 4484.
Package hyperref Info: Implicit mode OFF; no redefinition of LaTeX internals.
Package hyperref Info: Bookmarks ON on input line 4717.
\c@Hy@tempcnt=\count289

("C:\Users\Philipp Schreiber\AppData\Local\Programs\MiKTeX\tex/latex/url\url.st
y"
\Urlmuskip=\muskip16
Package: url 2013/09/16  ver 3.4  Verb mode for urls, etc.
)
LaTeX Info: Redefining \url on input line 5076.
\XeTeXLinkMargin=\dimen258

("C:\Users\Philipp Schreiber\AppData\Local\Programs\MiKTeX\tex/generic/bitset\b
itset.sty"
Package: bitset 2019/12/09 v1.3 Handle bit-vector datatype (HO)

("C:\Users\Philipp Schreiber\AppData\Local\Programs\MiKTeX\tex/generic/bigintca
lc\bigintcalc.sty"
Package: bigintcalc 2019/12/15 v1.5 Expandable calculations on big integers (HO
)
))
\Fld@menulength=\count290
\Field@Width=\dimen259
\Fld@charsize=\dimen260
Package hyperref Info: Hyper figures OFF on input line 6347.
Package hyperref Info: Link nesting OFF on input line 6352.
Package hyperref Info: Hyper index ON on input line 6355.
Package hyperref Info: backreferencing OFF on input line 6362.
Package hyperref Info: Link coloring OFF on input line 6367.
Package hyperref Info: Link coloring with OCG OFF on input line 6372.
Package hyperref Info: PDF/A mode OFF on input line 6377.
LaTeX Info: Redefining \ref on input line 6417.
LaTeX Info: Redefining \pageref on input line 6421.
\Hy@abspage=\count291


Package hyperref Message: Stopped early.

)
Package hyperref Info: Driver (autodetected): hpdftex.

("C:\Users\Philipp Schreiber\AppData\Local\Programs\MiKTeX\tex/latex/hyperref\h
pdftex.def"
File: hpdftex.def 2020-05-15 v7.00e Hyperref driver for pdfTeX

("C:\Users\Philipp Schreiber\AppData\Local\Programs\MiKTeX\tex/latex/base\atver
yend-ltx.sty"
Package: atveryend-ltx 2020/08/19 v1.0a Emulation of the original atvery packag
e
with kernel methods
)
\Fld@listcount=\count292
\c@bookmark@seq@number=\count293

("C:\Users\Philipp Schreiber\AppData\Local\Programs\MiKTeX\tex/latex/rerunfilec
heck\rerunfilecheck.sty"
Package: rerunfilecheck 2019/12/05 v1.9 Rerun checks for auxiliary files (HO)

("C:\Users\Philipp Schreiber\AppData\Local\Programs\MiKTeX\tex/generic/uniqueco
unter\uniquecounter.sty"
Package: uniquecounter 2019/12/15 v1.4 Provide unlimited unique counter (HO)
)
Package uniquecounter Info: New unique counter `rerunfilecheck' on input line 2
86.
))
("C:\Users\Philipp Schreiber\AppData\Local\Programs\MiKTeX\tex/latex/beamer\bea
merbaserequires.sty"
("C:\Users\Philipp Schreiber\AppData\Local\Programs\MiKTeX\tex/latex/beamer\bea
merbasecompatibility.sty")
("C:\Users\Philipp Schreiber\AppData\Local\Programs\MiKTeX\tex/latex/beamer\bea
merbasefont.sty"
("C:\Users\Philipp Schreiber\AppData\Local\Programs\MiKTeX\tex/latex/amsfonts\a
mssymb.sty"
Package: amssymb 2013/01/14 v3.01 AMS font symbols

("C:\Users\Philipp Schreiber\AppData\Local\Programs\MiKTeX\tex/latex/amsfonts\a
msfonts.sty"
Package: amsfonts 2013/01/14 v3.01 Basic AMSFonts support
\@emptytoks=\toks27
\symAMSa=\mathgroup4
\symAMSb=\mathgroup5
LaTeX Font Info:    Redeclaring math symbol \hbar on input line 98.
LaTeX Font Info:    Overwriting math alphabet `\mathfrak' in version `bold'
(Font)                  U/euf/m/n --> U/euf/b/n on input line 106.
))
("C:\Users\Philipp Schreiber\AppData\Local\Programs\MiKTeX\tex/latex/sansmathac
cent\sansmathaccent.sty"
Package: sansmathaccent 2020/01/31

("C:\Users\Philipp Schreiber\AppData\Local\Programs\MiKTeX\tex/latex/koma-scrip
t\scrlfile.sty"
Package: scrlfile 2021/06/25 v3.34 KOMA-Script package (file load hooks)

("C:\Users\Philipp Schreiber\AppData\Local\Programs\MiKTeX\tex/latex/koma-scrip
t\scrlfile-hook.sty"
Package: scrlfile-hook 2021/06/25 v3.34 KOMA-Script package (using LaTeX hooks)


LaTeX3 Info: Defining command \BeforeFile with sig. 'm' on line 75.


LaTeX3 Info: Defining command \AfterFile with sig. 'm' on line 79.


LaTeX3 Info: Defining command \BeforeClass with sig. 'm' on line 83.


LaTeX3 Info: Defining command \BeforePackage with sig. 'm' on line 87.


LaTeX3 Info: Defining command \AfterAtEndOfClass with sig. 'smo+m' on line 97.


LaTeX3 Info: Defining command \AfterAtEndOfPackage with sig. 'smo+m' on line
(LaTeX3)     107.


LaTeX3 Info: Defining command \scrlfile@AfterClass with sig. 'smo+m' on line
(LaTeX3)     187.


LaTeX3 Info: Defining command \AfterClass with sig. '' on line 188.


LaTeX3 Info: Defining command \scrlfile@AfterPackage with sig. 'smo+m' on line
(LaTeX3)     205.


LaTeX3 Info: Defining command \AfterPackage with sig. '' on line 206.


LaTeX3 Info: Defining command \ReplaceInput with sig. '' on line 207.


LaTeX3 Info: Defining command \ReplaceClass with sig. 'mm' on line 210.


LaTeX3 Info: Defining command \ReplacePackage with sig. 'mm' on line 213.


LaTeX3 Info: Defining command \UnReplaceInput with sig. '' on line 214.


LaTeX3 Info: Defining command \UnReplaceClass with sig. 'm' on line 217.


LaTeX3 Info: Defining command \UnReplacePackage with sig. 'mm' on line 220.


LaTeX3 Info: Defining command \PreventPackageFromLoading with sig. 's+om' on
(LaTeX3)     line 248.


LaTeX3 Info: Defining command \StorePreventPackageFromLoading with sig. 'm' on
(LaTeX3)     line 256.


LaTeX3 Info: Defining command \ResetPreventPackageFromLoading with sig. '' on
(LaTeX3)     line 261.


LaTeX3 Info: Defining command \UnPreventPackageFromLoading with sig. 'sm' on
(LaTeX3)     line 275.


LaTeX3 Info: Defining command \BeforeClosingMainAux with sig. 'om' on line
(LaTeX3)     288.


LaTeX3 Info: Defining command \AfterReadingMainAux with sig. 'om' on line 301.


LaTeX3 Info: Defining command \protected@immediate@write with sig. 'm+m+m' on
(LaTeX3)     line 312.


("C:\Users\Philipp Schreiber\AppData\Local\Programs\MiKTeX\tex/latex/koma-scrip
t\scrlogo.sty"
Package: scrlogo 2021/06/25 v3.34 KOMA-Script package (logo)
)))))
("C:\Users\Philipp Schreiber\AppData\Local\Programs\MiKTeX\tex/latex/beamer\bea
merbasetranslator.sty"
("C:\Users\Philipp Schreiber\AppData\Local\Programs\MiKTeX\tex/latex/translator
\translator.sty"
Package: translator 2021-05-31 v1.12d Easy translation of strings in LaTeX
))
("C:\Users\Philipp Schreiber\AppData\Local\Programs\MiKTeX\tex/latex/beamer\bea
merbasemisc.sty")
("C:\Users\Philipp Schreiber\AppData\Local\Programs\MiKTeX\tex/latex/beamer\bea
merbasetwoscreens.sty")
("C:\Users\Philipp Schreiber\AppData\Local\Programs\MiKTeX\tex/latex/beamer\bea
merbaseoverlay.sty"
\beamer@argscount=\count294
\beamer@lastskipcover=\skip50
\beamer@trivlistdepth=\count295
)
("C:\Users\Philipp Schreiber\AppData\Local\Programs\MiKTeX\tex/latex/beamer\bea
merbasetitle.sty")
("C:\Users\Philipp Schreiber\AppData\Local\Programs\MiKTeX\tex/latex/beamer\bea
merbasesection.sty"
\c@lecture=\count296
\c@part=\count297
\c@section=\count298
\c@subsection=\count299
\c@subsubsection=\count300
)
("C:\Users\Philipp Schreiber\AppData\Local\Programs\MiKTeX\tex/latex/beamer\bea
merbaseframe.sty"
\beamer@framebox=\box62
\beamer@frametitlebox=\box63
\beamer@zoombox=\box64
\beamer@zoomcount=\count301
\beamer@zoomframecount=\count302
\beamer@frametextheight=\dimen261
\c@subsectionslide=\count303
\beamer@frametopskip=\skip51
\beamer@framebottomskip=\skip52
\beamer@frametopskipautobreak=\skip53
\beamer@framebottomskipautobreak=\skip54
\beamer@envbody=\toks28
\framewidth=\dimen262
\c@framenumber=\count304
)
("C:\Users\Philipp Schreiber\AppData\Local\Programs\MiKTeX\tex/latex/beamer\bea
merbaseverbatim.sty"
\beamer@verbatimfileout=\write4
)
("C:\Users\Philipp Schreiber\AppData\Local\Programs\MiKTeX\tex/latex/beamer\bea
merbaseframesize.sty"
\beamer@splitbox=\box65
\beamer@autobreakcount=\count305
\beamer@autobreaklastheight=\dimen263
\beamer@frametitletoks=\toks29
\beamer@framesubtitletoks=\toks30
)
("C:\Users\Philipp Schreiber\AppData\Local\Programs\MiKTeX\tex/latex/beamer\bea
merbaseframecomponents.sty"
\beamer@footins=\box66
)
("C:\Users\Philipp Schreiber\AppData\Local\Programs\MiKTeX\tex/latex/beamer\bea
merbasecolor.sty")
("C:\Users\Philipp Schreiber\AppData\Local\Programs\MiKTeX\tex/latex/beamer\bea
merbasenotes.sty"
\beamer@frameboxcopy=\box67
)
("C:\Users\Philipp Schreiber\AppData\Local\Programs\MiKTeX\tex/latex/beamer\bea
merbasetoc.sty")
("C:\Users\Philipp Schreiber\AppData\Local\Programs\MiKTeX\tex/latex/beamer\bea
merbasetemplates.sty"
\beamer@sbttoks=\toks31

("C:\Users\Philipp Schreiber\AppData\Local\Programs\MiKTeX\tex/latex/beamer\bea
merbaseauxtemplates.sty"
("C:\Users\Philipp Schreiber\AppData\Local\Programs\MiKTeX\tex/latex/beamer\bea
merbaseboxes.sty"
\bmb@box=\box68
\bmb@colorbox=\box69
\bmb@boxwidth=\dimen264
\bmb@boxheight=\dimen265
\bmb@prevheight=\dimen266
\bmb@temp=\dimen267
\bmb@dima=\dimen268
\bmb@dimb=\dimen269
\bmb@prevheight=\dimen270
)
\beamer@blockheadheight=\dimen271
))
("C:\Users\Philipp Schreiber\AppData\Local\Programs\MiKTeX\tex/latex/beamer\bea
merbaselocalstructure.sty"
("C:\Users\Philipp Schreiber\AppData\Local\Programs\MiKTeX\tex/latex/latex-tool
s\enumerate.sty"
Package: enumerate 2015/07/23 v3.00 enumerate extensions (DPC)
\@enLab=\toks32
)
\beamer@bibiconwidth=\skip55
\c@figure=\count306
\c@table=\count307
\abovecaptionskip=\skip56
\belowcaptionskip=\skip57
)
("C:\Users\Philipp Schreiber\AppData\Local\Programs\MiKTeX\tex/latex/beamer\bea
merbasenavigation.sty"
\beamer@section@min@dim=\dimen272
)
("C:\Users\Philipp Schreiber\AppData\Local\Programs\MiKTeX\tex/latex/beamer\bea
merbasetheorems.sty"
("C:\Users\Philipp Schreiber\AppData\Local\Programs\MiKTeX\tex/latex/amsmath\am
smath.sty"
Package: amsmath 2020/09/23 v2.17i AMS math features
\@mathmargin=\skip58

For additional information on amsmath, use the `?' option.

("C:\Users\Philipp Schreiber\AppData\Local\Programs\MiKTeX\tex/latex/amsmath\am
stext.sty"
Package: amstext 2000/06/29 v2.01 AMS text

("C:\Users\Philipp Schreiber\AppData\Local\Programs\MiKTeX\tex/latex/amsmath\am
sgen.sty"
File: amsgen.sty 1999/11/30 v2.0 generic functions
\@emptytoks=\toks33
\ex@=\dimen273
))
("C:\Users\Philipp Schreiber\AppData\Local\Programs\MiKTeX\tex/latex/amsmath\am
sbsy.sty"
Package: amsbsy 1999/11/29 v1.2d Bold Symbols
\pmbraise@=\dimen274
)
("C:\Users\Philipp Schreiber\AppData\Local\Programs\MiKTeX\tex/latex/amsmath\am
sopn.sty"
Package: amsopn 2016/03/08 v2.02 operator names
)
\inf@bad=\count308
LaTeX Info: Redefining \frac on input line 234.
\uproot@=\count309
\leftroot@=\count310
LaTeX Info: Redefining \overline on input line 399.
\classnum@=\count311
\DOTSCASE@=\count312
LaTeX Info: Redefining \ldots on input line 496.
LaTeX Info: Redefining \dots on input line 499.
LaTeX Info: Redefining \cdots on input line 620.
\Mathstrutbox@=\box70
\strutbox@=\box71
\big@size=\dimen275
LaTeX Font Info:    Redeclaring font encoding OML on input line 743.
LaTeX Font Info:    Redeclaring font encoding OMS on input line 744.
\macc@depth=\count313
\c@MaxMatrixCols=\count314
\dotsspace@=\muskip17
\c@parentequation=\count315
\dspbrk@lvl=\count316
\tag@help=\toks34
\row@=\count317
\column@=\count318
\maxfields@=\count319
\andhelp@=\toks35
\eqnshift@=\dimen276
\alignsep@=\dimen277
\tagshift@=\dimen278
\tagwidth@=\dimen279
\totwidth@=\dimen280
\lineht@=\dimen281
\@envbody=\toks36
\multlinegap=\skip59
\multlinetaggap=\skip60
\mathdisplay@stack=\toks37
LaTeX Info: Redefining \[ on input line 2923.
LaTeX Info: Redefining \] on input line 2924.
)
("C:\Users\Philipp Schreiber\AppData\Local\Programs\MiKTeX\tex/latex/amscls\ams
thm.sty"
Package: amsthm 2020/05/29 v2.20.6
\thm@style=\toks38
\thm@bodyfont=\toks39
\thm@headfont=\toks40
\thm@notefont=\toks41
\thm@headpunct=\toks42
\thm@preskip=\skip61
\thm@postskip=\skip62
\thm@headsep=\skip63
\dth@everypar=\toks43
)
\c@theorem=\count320
)
("C:\Users\Philipp Schreiber\AppData\Local\Programs\MiKTeX\tex/latex/beamer\bea
merbasethemes.sty"))
("C:\Users\Philipp Schreiber\AppData\Local\Programs\MiKTeX\tex/latex/beamer\bea
merthemedefault.sty"
("C:\Users\Philipp Schreiber\AppData\Local\Programs\MiKTeX\tex/latex/beamer\bea
merfontthemedefault.sty")
("C:\Users\Philipp Schreiber\AppData\Local\Programs\MiKTeX\tex/latex/beamer\bea
mercolorthemedefault.sty")
("C:\Users\Philipp Schreiber\AppData\Local\Programs\MiKTeX\tex/latex/beamer\bea
merinnerthemedefault.sty"
\beamer@dima=\dimen282
\beamer@dimb=\dimen283
)
("C:\Users\Philipp Schreiber\AppData\Local\Programs\MiKTeX\tex/latex/beamer\bea
merouterthemedefault.sty")))
("C:\Users\Philipp Schreiber\AppData\Local\Programs\MiKTeX\tex/latex/beamer\bea
merthemeBoadilla.sty"
("C:\Users\Philipp Schreiber\AppData\Local\Programs\MiKTeX\tex/latex/beamer\bea
mercolorthemerose.sty")
("C:\Users\Philipp Schreiber\AppData\Local\Programs\MiKTeX\tex/latex/beamer\bea
merinnerthemerounded.sty")
("C:\Users\Philipp Schreiber\AppData\Local\Programs\MiKTeX\tex/latex/beamer\bea
mercolorthemedolphin.sty")
("C:\Users\Philipp Schreiber\AppData\Local\Programs\MiKTeX\tex/latex/beamer\bea
merouterthemeinfolines.sty"))
("C:\Users\Philipp Schreiber\AppData\Local\Programs\MiKTeX\tex/latex/l3backend\
l3backend-pdftex.def"
File: l3backend-pdftex.def 2020-09-24 L3 backend support: PDF output (pdfTeX)
\l__kernel_color_stack_int=\count321
\l__pdf_internal_box=\box72
) (Part_1-Intro_Dynamic_Programming.aux)
\openout1 = `Part_1-Intro_Dynamic_Programming.aux'.

LaTeX Font Info:    Checking defaults for OML/cmm/m/it on input line 27.
LaTeX Font Info:    ... okay on input line 27.
LaTeX Font Info:    Checking defaults for OMS/cmsy/m/n on input line 27.
LaTeX Font Info:    ... okay on input line 27.
LaTeX Font Info:    Checking defaults for OT1/cmr/m/n on input line 27.
LaTeX Font Info:    ... okay on input line 27.
LaTeX Font Info:    Checking defaults for T1/cmr/m/n on input line 27.
LaTeX Font Info:    ... okay on input line 27.
LaTeX Font Info:    Checking defaults for TS1/cmr/m/n on input line 27.
LaTeX Font Info:    ... okay on input line 27.
LaTeX Font Info:    Checking defaults for OMX/cmex/m/n on input line 27.
LaTeX Font Info:    ... okay on input line 27.
LaTeX Font Info:    Checking defaults for U/cmr/m/n on input line 27.
LaTeX Font Info:    ... okay on input line 27.
LaTeX Font Info:    Checking defaults for PD1/pdf/m/n on input line 27.
LaTeX Font Info:    ... okay on input line 27.

*geometry* driver: auto-detecting
*geometry* detected driver: pdftex
*geometry* verbose mode - [ preamble ] result:
* driver: pdftex
* paper: custom
* layout: <same size as paper>
* layoutoffset:(h,v)=(0.0pt,0.0pt)
* modes: includehead includefoot 
* h-part:(L,W,R)=(85.35826pt, 284.52756pt, 85.35826pt)
* v-part:(T,H,B)=(0.0pt, 256.0748pt, 0.0pt)
* \paperwidth=455.24408pt
* \paperheight=256.0748pt
* \textwidth=284.52756pt
* \textheight=227.62207pt
* \oddsidemargin=13.08827pt
* \evensidemargin=13.08827pt
* \topmargin=-72.26999pt
* \headheight=14.22636pt
* \headsep=0.0pt
* \topskip=11.0pt
* \footskip=14.22636pt
* \marginparwidth=4.0pt
* \marginparsep=10.0pt
* \columnsep=10.0pt
* \skip\footins=10.0pt plus 4.0pt minus 2.0pt
* \hoffset=0.0pt
* \voffset=0.0pt
* \mag=1000
* \@twocolumnfalse
* \@twosidefalse
* \@mparswitchfalse
* \@reversemarginfalse
* (1in=72.27pt=25.4mm, 1cm=28.453pt)


("C:\Users\Philipp Schreiber\AppData\Local\Programs\MiKTeX\tex/context/base/mki
i\supp-pdf.mkii"
[Loading MPS to PDF converter (version 2006.09.02).]
\scratchcounter=\count322
\scratchdimen=\dimen284
\scratchbox=\box73
\nofMPsegments=\count323
\nofMParguments=\count324
\everyMPshowfont=\toks44
\MPscratchCnt=\count325
\MPscratchDim=\dimen285
\MPnumerator=\count326
\makeMPintoPDFobject=\count327
\everyMPtoPDFconversion=\toks45
)
("C:\Users\Philipp Schreiber\AppData\Local\Programs\MiKTeX\tex/latex/epstopdf-p
kg\epstopdf-base.sty"
Package: epstopdf-base 2020-01-24 v2.11 Base part for package epstopdf
Package epstopdf-base Info: Redefining graphics rule for `.eps' on input line 4
85.
)
Package hyperref Info: Link coloring OFF on input line 27.

("C:\Users\Philipp Schreiber\AppData\Local\Programs\MiKTeX\tex/latex/hyperref\n
ameref.sty"
Package: nameref 2019/09/16 v2.46 Cross-referencing by name of section

("C:\Users\Philipp Schreiber\AppData\Local\Programs\MiKTeX\tex/latex/refcount\r
efcount.sty"
Package: refcount 2019/12/15 v3.6 Data extraction from label references (HO)
)
("C:\Users\Philipp Schreiber\AppData\Local\Programs\MiKTeX\tex/generic/gettitle
string\gettitlestring.sty"
Package: gettitlestring 2019/12/15 v1.6 Cleanup title references (HO)
)
\c@section@level=\count328
)
LaTeX Info: Redefining \ref on input line 27.
LaTeX Info: Redefining \pageref on input line 27.
LaTeX Info: Redefining \nameref on input line 27.
 (Part_1-Intro_Dynamic_Programming.out)
(Part_1-Intro_Dynamic_Programming.out)
\@outlinefile=\write5
\openout5 = `Part_1-Intro_Dynamic_Programming.out'.

LaTeX Font Info:    Overwriting symbol font `operators' in version `normal'
(Font)                  OT1/cmr/m/n --> OT1/cmss/m/n on input line 27.
LaTeX Font Info:    Overwriting symbol font `operators' in version `bold'
(Font)                  OT1/cmr/bx/n --> OT1/cmss/b/n on input line 27.
\symnumbers=\mathgroup6
\sympureletters=\mathgroup7
LaTeX Font Info:    Overwriting math alphabet `\mathrm' in version `normal'
(Font)                  OT1/cmss/m/n --> OT1/cmr/m/n on input line 27.
LaTeX Font Info:    Redeclaring math alphabet \mathbf on input line 27.
LaTeX Font Info:    Overwriting math alphabet `\mathbf' in version `normal'
(Font)                  OT1/cmr/bx/n --> OT1/cmss/b/n on input line 27.
LaTeX Font Info:    Overwriting math alphabet `\mathbf' in version `bold'
(Font)                  OT1/cmr/bx/n --> OT1/cmss/b/n on input line 27.
LaTeX Font Info:    Redeclaring math alphabet \mathsf on input line 27.
LaTeX Font Info:    Overwriting math alphabet `\mathsf' in version `normal'
(Font)                  OT1/cmss/m/n --> OT1/cmss/m/n on input line 27.
LaTeX Font Info:    Overwriting math alphabet `\mathsf' in version `bold'
(Font)                  OT1/cmss/bx/n --> OT1/cmss/m/n on input line 27.
LaTeX Font Info:    Redeclaring math alphabet \mathit on input line 27.
LaTeX Font Info:    Overwriting math alphabet `\mathit' in version `normal'
(Font)                  OT1/cmr/m/it --> OT1/cmss/m/it on input line 27.
LaTeX Font Info:    Overwriting math alphabet `\mathit' in version `bold'
(Font)                  OT1/cmr/bx/it --> OT1/cmss/m/it on input line 27.
LaTeX Font Info:    Redeclaring math alphabet \mathtt on input line 27.
LaTeX Font Info:    Overwriting math alphabet `\mathtt' in version `normal'
(Font)                  OT1/cmtt/m/n --> OT1/cmtt/m/n on input line 27.
LaTeX Font Info:    Overwriting math alphabet `\mathtt' in version `bold'
(Font)                  OT1/cmtt/m/n --> OT1/cmtt/m/n on input line 27.
LaTeX Font Info:    Overwriting symbol font `numbers' in version `bold'
(Font)                  OT1/cmss/m/n --> OT1/cmss/b/n on input line 27.
LaTeX Font Info:    Overwriting symbol font `pureletters' in version `bold'
(Font)                  OT1/cmss/m/it --> OT1/cmss/b/it on input line 27.
LaTeX Font Info:    Overwriting math alphabet `\mathrm' in version `bold'
(Font)                  OT1/cmss/b/n --> OT1/cmr/b/n on input line 27.
LaTeX Font Info:    Overwriting math alphabet `\mathbf' in version `bold'
(Font)                  OT1/cmss/b/n --> OT1/cmss/b/n on input line 27.
LaTeX Font Info:    Overwriting math alphabet `\mathsf' in version `bold'
(Font)                  OT1/cmss/m/n --> OT1/cmss/b/n on input line 27.
LaTeX Font Info:    Overwriting math alphabet `\mathit' in version `bold'
(Font)                  OT1/cmss/m/it --> OT1/cmss/b/it on input line 27.
LaTeX Font Info:    Overwriting math alphabet `\mathtt' in version `bold'
(Font)                  OT1/cmtt/m/n --> OT1/cmtt/b/n on input line 27.
LaTeX Font Info:    Redeclaring symbol font `pureletters' on input line 27.
LaTeX Font Info:    Overwriting symbol font `pureletters' in version `normal'
(Font)                  OT1/cmss/m/it --> OT1/mathkerncmss/m/sl on input line 2
7.
LaTeX Font Info:    Overwriting symbol font `pureletters' in version `bold'
(Font)                  OT1/cmss/b/it --> OT1/mathkerncmss/m/sl on input line 2
7.
LaTeX Font Info:    Overwriting symbol font `pureletters' in version `bold'
(Font)                  OT1/mathkerncmss/m/sl --> OT1/mathkerncmss/bx/sl on inp
ut line 27.

("C:\Users\Philipp Schreiber\AppData\Local\Programs\MiKTeX\tex/latex/translator
\translator-basic-dictionary-English.dict"
Dictionary: translator-basic-dictionary, Language: English 
)
("C:\Users\Philipp Schreiber\AppData\Local\Programs\MiKTeX\tex/latex/translator
\translator-bibliography-dictionary-English.dict"
Dictionary: translator-bibliography-dictionary, Language: English 
)
("C:\Users\Philipp Schreiber\AppData\Local\Programs\MiKTeX\tex/latex/translator
\translator-environment-dictionary-English.dict"
Dictionary: translator-environment-dictionary, Language: English 
)
("C:\Users\Philipp Schreiber\AppData\Local\Programs\MiKTeX\tex/latex/translator
\translator-months-dictionary-English.dict"
Dictionary: translator-months-dictionary, Language: English 
)
("C:\Users\Philipp Schreiber\AppData\Local\Programs\MiKTeX\tex/latex/translator
\translator-numbers-dictionary-English.dict"
Dictionary: translator-numbers-dictionary, Language: English 
)
("C:\Users\Philipp Schreiber\AppData\Local\Programs\MiKTeX\tex/latex/translator
\translator-theorem-dictionary-English.dict"
Dictionary: translator-theorem-dictionary, Language: English 
)
(Part_1-Intro_Dynamic_Programming.nav)
LaTeX Font Info:    Trying to load font information for U+msa on input line 30.


("C:\Users\Philipp Schreiber\AppData\Local\Programs\MiKTeX\tex/latex/amsfonts\u
msa.fd"
File: umsa.fd 2013/01/14 v3.01 AMS symbols A
)
LaTeX Font Info:    Trying to load font information for U+msb on input line 30.


("C:\Users\Philipp Schreiber\AppData\Local\Programs\MiKTeX\tex/latex/amsfonts\u
msb.fd"
File: umsb.fd 2013/01/14 v3.01 AMS symbols B
)
LaTeX Font Info:    Trying to load font information for OT1+mathkerncmss on inp
ut line 30.

("C:\Users\Philipp Schreiber\AppData\Local\Programs\MiKTeX\tex/latex/sansmathac
cent\ot1mathkerncmss.fd"
File: ot1mathkerncmss.fd 2020/01/31 Fontinst v1.933 font definitions for OT1/ma
thkerncmss.
) [1

{C:/Users/Philipp Schreiber/AppData/Local/MiKTeX/pdftex/config/pdftex.map}] (Pa
rt_1-Intro_Dynamic_Programming.toc) [2

] [3

]
[4

] [5

]
Overfull \hbox (30.06493pt too wide) detected at line 112
[]
 []

[6

] [7

] [8

] [9

]
\tf@nav=\write6
\openout6 = `Part_1-Intro_Dynamic_Programming.nav'.

\tf@toc=\write7
\openout7 = `Part_1-Intro_Dynamic_Programming.toc'.

\tf@snm=\write8
\openout8 = `Part_1-Intro_Dynamic_Programming.snm'.

 (Part_1-Intro_Dynamic_Programming.aux)
Package rerunfilecheck Info: File `Part_1-Intro_Dynamic_Programming.out' has no
t changed.
(rerunfilecheck)             Checksum: 7167090092F4B4C8C0195158AE479D29;108.
 ) 
Here is how much of TeX's memory you used:
 18151 strings out of 479624
 361891 string characters out of 2859409
 634290 words of memory out of 3000000
 34846 multiletter control sequences out of 15000+200000
 413382 words of font info for 62 fonts, out of 3000000 for 9000
 1141 hyphenation exceptions out of 8191
 125i,15n,120p,458b,601s stack positions out of 5000i,500n,10000p,200000b,50000s
<C:/Users/Philipp Schreiber/AppData/Local/Programs/MiKTeX/fonts/type1/public/
amsfonts/cm/cmex10.pfb><C:/Users/Philipp Schreiber/AppData/Local/Programs/MiKTe
X/fonts/type1/public/amsfonts/cm/cmmi10.pfb><C:/Users/Philipp Schreiber/AppData
/Local/Programs/MiKTeX/fonts/type1/public/amsfonts/cm/cmr10.pfb><C:/Users/Phili
pp Schreiber/AppData/Local/Programs/MiKTeX/fonts/type1/public/amsfonts/cm/cmss1
0.pfb><C:/Users/Philipp Schreiber/AppData/Local/Programs/MiKTeX/fonts/type1/pub
lic/amsfonts/cm/cmss12.pfb><C:/Users/Philipp Schreiber/AppData/Local/Programs/M
iKTeX/fonts/type1/public/amsfonts/cm/cmss8.pfb><C:/Users/Philipp Schreiber/AppD
ata/Local/Programs/MiKTeX/fonts/type1/public/amsfonts/cm/cmssbx10.pfb><C:/Users
/Philipp Schreiber/AppData/Local/Programs/MiKTeX/fonts/type1/public/amsfonts/cm
/cmssi10.pfb><C:/Users/Philipp Schreiber/AppData/Local/Programs/MiKTeX/fonts/ty
pe1/public/amsfonts/cm/cmssi8.pfb><C:/Users/Philipp Schreiber/AppData/Local/Pro
grams/MiKTeX/fonts/type1/public/amsfonts/cm/cmsy10.pfb><C:/Users/Philipp Schrei
ber/AppData/Local/Programs/MiKTeX/fonts/type1/public/amsfonts/cm/cmsy6.pfb><C:/
Users/Philipp Schreiber/AppData/Local/Programs/MiKTeX/fonts/type1/public/amsfon
ts/cm/cmsy8.pfb><C:/Users/Philipp Schreiber/AppData/Local/Programs/MiKTeX/fonts
/type1/public/amsfonts/symbols/msam7.pfb>
Output written on Part_1-Intro_Dynamic_Programming.pdf (9 pages, 199769 bytes).

PDF statistics:
 340 PDF objects out of 1000 (max. 8388607)
 21 named destinations out of 1000 (max. 500000)
 113 words of extra memory for PDF output out of 10000 (max. 10000000)

